<?xml version="1.0" encoding="UTF-8"?>
<!-- Generated by org.testng.reporters.JUnitReportReporter -->
<testsuite hostname="DESKTOP-8BGUM45" failures="0" tests="5" name="amazon_test.Amz_IT_01" time="-1710927872.000" errors="1" timestamp="2024-03-20T15:15:30 IST" skipped="4">
  <testcase classname="amazon_test.Amz_IT_01" name="amazonURLaunch" time="-1710927872.000">
    <error message="
Parameter &#039;browser&#039; is required by BeforeTest on method amazonURLaunch but has not been marked @Optional or defined
in C:\Users\Mahi\AppData\Local\Temp\testng-eclipse--1659510394\testng-customsuite.xml" type="org.testng.TestNGException">
      <![CDATA[org.testng.TestNGException: 
Parameter 'browser' is required by BeforeTest on method amazonURLaunch but has not been marked @Optional or defined
in C:\Users\Mahi\AppData\Local\Temp\testng-eclipse--1659510394\testng-customsuite.xml
at org.testng.internal.Parameters.createParams(Parameters.java:267)
at org.testng.internal.Parameters.createParametersForMethod(Parameters.java:355)
at org.testng.internal.Parameters.createParameters(Parameters.java:684)
at org.testng.internal.Parameters.createConfigurationParameters(Parameters.java:166)
at org.testng.internal.invokers.ConfigInvoker.invokeConfigurations(ConfigInvoker.java:306)
at org.testng.TestRunner.invokeTestConfigurations(TestRunner.java:663)
at org.testng.TestRunner.beforeRun(TestRunner.java:652)
at org.testng.TestRunner.run(TestRunner.java:614)
at org.testng.SuiteRunner.runTest(SuiteRunner.java:443)
at org.testng.SuiteRunner.runSequentially(SuiteRunner.java:437)
at org.testng.SuiteRunner.privateRun(SuiteRunner.java:397)
at org.testng.SuiteRunner.run(SuiteRunner.java:336)
at org.testng.SuiteRunnerWorker.runSuite(SuiteRunnerWorker.java:52)
at org.testng.SuiteRunnerWorker.run(SuiteRunnerWorker.java:95)
at org.testng.TestNG.runSuitesSequentially(TestNG.java:1280)
at org.testng.TestNG.runSuitesLocally(TestNG.java:1200)
at org.testng.TestNG.runSuites(TestNG.java:1114)
at org.testng.TestNG.run(TestNG.java:1082)
at org.testng.remote.AbstractRemoteTestNG.run(AbstractRemoteTestNG.java:115)
at org.testng.remote.RemoteTestNG.initAndRun(RemoteTestNG.java:251)
at org.testng.remote.RemoteTestNG.main(RemoteTestNG.java:77)
]]>
    </error>
  </testcase> <!-- amazonURLaunch -->
  <testcase classname="amazon_test.Amz_IT_01" name="validationofloginpage" time="0.001">
    <skipped/>
    <system-out>
      <![CDATA[Test Skipped
Test Execution Started]]>
    </system-out>
  </testcase> <!-- validationofloginpage -->
  <testcase classname="amazon_test.Amz_IT_01" name="validationofloginpage" time="0.000">
    <skipped/>
    <system-out>
      <![CDATA[Test Skipped]]>
    </system-out>
  </testcase> <!-- validationofloginpage -->
  <testcase classname="amazon_test.Amz_IT_01" name="validationofloginpage" time="0.000">
    <skipped/>
    <system-out>
      <![CDATA[Test Skipped
Test Execution Started]]>
    </system-out>
  </testcase> <!-- validationofloginpage -->
  <testcase classname="amazon_test.Amz_IT_01" name="validationofloginpage" time="0.000">
    <skipped/>
    <system-out>
      <![CDATA[Test Skipped
Test Execution Started]]>
    </system-out>
  </testcase> <!-- validationofloginpage -->
  <system-out>
    <![CDATA[Test Execution Started
Test Skipped
Test Execution Started
Test Skipped
Test Execution Started
Test Skipped
Test Execution Started
Test Skipped]]>
  </system-out>
</testsuite> <!-- amazon_test.Amz_IT_01 -->
